2026-06-28 03:27:58.099  INFO 26672 --- [MessageBroker-3] o.s.w.s.c.WebSocketMessageBrokerStats    : WebSocketSession[0 current WS(0)-HttpStream(0)-HttpPoll(0), 11 total, 0 closed abnormally (0 connect failure, 0 send limit, 0 transport error)], stompSubProtocol[processed CONNECT(11)-CONNECTED(11)-DISCONNECT(8)], stompBrokerRelay[null], inboundChannel[pool size = 15, active threads = 0, queued tasks = 0, completed tasks = 156], outboundChannel[pool size = 13, active threads = 0, queued tasks = 0, completed tasks = 140], sockJsScheduler[pool size = 12, active threads = 3, queued tasks = 0, completed tasks = 4126] [User: SYSTEM | IP: SYSTEM]
2026-06-28 11:07:25.068  INFO 26672 --- [MessageBroker-7] o.s.w.s.c.WebSocketMessageBrokerStats    : WebSocketSession[0 current WS(0)-HttpStream(0)-HttpPoll(0), 11 total, 0 closed abnormally (0 connect failure, 0 send limit, 0 transport error)], stompSubProtocol[processed CONNECT(11)-CONNECTED(11)-DISCONNECT(8)], stompBrokerRelay[null], inboundChannel[pool size = 15, active threads = 0, queued tasks = 0, completed tasks = 156], outboundChannel[pool size = 13, active threads = 0, queued tasks = 0, completed tasks = 140], sockJsScheduler[pool size = 12, active threads = 3, queued tasks = 0, completed tasks = 21134] [User: SYSTEM | IP: SYSTEM]
2026-06-28 11:07:34.570  WARN 26672 --- [HikariPool-1 housekeeper] com.zaxxer.hikari.pool.HikariPool        : HikariPool-1 - Thread starvation or clock leap detected (housekeeper delta=14h16m39s420ms934µs100ns). [User: SYSTEM | IP: SYSTEM]
2026-06-28 11:09:20.048  INFO 26672 --- [http-nio-8080-exec-4] c.g.i.config.MdcLoggingFilter            : System activity: executed POST /api/auth/login [User: SYSTEM | IP: 0:0:0:0:0:0:0:1]
2026-06-28 11:09:20.309  INFO 26672 --- [http-nio-8080-exec-4] c.g.innovationlab.service.AuthService    : [AUDIT] Action: SUCCESSFUL_LOGIN | Authenticated User: admin@gmail.com | Profile clearance: ADMIN | Origin IP: 0:0:0:0:0:0:0:1 [User: SYSTEM | IP: 0:0:0:0:0:0:0:1]
2026-06-28 11:09:20.566  INFO 26672 --- [http-nio-8080-exec-10] c.g.i.config.MdcLoggingFilter            : System activity: executed GET /actuator/health [User: admin@gmail.com | IP: 0:0:0:0:0:0:0:1]
2026-06-28 11:09:20.572  INFO 26672 --- [http-nio-8080-exec-8] c.g.i.config.MdcLoggingFilter            : System activity: executed GET /actuator/health [User: admin@gmail.com | IP: 0:0:0:0:0:0:0:1]
2026-06-28 11:09:20.574  INFO 26672 --- [http-nio-8080-exec-5] c.g.i.config.MdcLoggingFilter            : System activity: executed GET /api/settings [User: admin@gmail.com | IP: 0:0:0:0:0:0:0:1]
2026-06-28 11:09:20.575  INFO 26672 --- [http-nio-8080-exec-9] c.g.i.config.MdcLoggingFilter            : System activity: executed GET /api/settings [User: admin@gmail.com | IP: 0:0:0:0:0:0:0:1]
2026-06-28 11:09:31.842  INFO 26672 --- [http-nio-8080-exec-6] c.g.i.config.MdcLoggingFilter            : System activity: executed GET /actuator/health [User: admin@gmail.com | IP: 0:0:0:0:0:0:0:1]
2026-06-28 11:09:31.853  INFO 26672 --- [http-nio-8080-exec-2] c.g.i.config.MdcLoggingFilter            : System activity: executed GET /api/settings [User: admin@gmail.com | IP: 0:0:0:0:0:0:0:1]
2026-06-28 11:09:31.880  INFO 26672 --- [http-nio-8080-exec-2] c.g.i.config.MdcLoggingFilter            : System activity: executed GET /actuator/health [User: admin@gmail.com | IP: 0:0:0:0:0:0:0:1]
2026-06-28 11:09:31.883  INFO 26672 --- [http-nio-8080-exec-7] c.g.i.config.MdcLoggingFilter            : System activity: executed GET /api/settings [User: admin@gmail.com | IP: 0:0:0:0:0:0:0:1]
2026-06-28 11:09:38.900  INFO 26672 --- [http-nio-8080-exec-4] c.g.i.config.MdcLoggingFilter            : System activity: executed POST /api/auth/login [User: SYSTEM | IP: 0:0:0:0:0:0:0:1]
2026-06-28 11:09:39.081  INFO 26672 --- [http-nio-8080-exec-4] c.g.innovationlab.service.AuthService    : [AUDIT] Action: SUCCESSFUL_LOGIN | Authenticated User: admin@gmail.com | Profile clearance: ADMIN | Origin IP: 0:0:0:0:0:0:0:1 [User: SYSTEM | IP: 0:0:0:0:0:0:0:1]
2026-06-28 11:09:39.156  INFO 26672 --- [http-nio-8080-exec-10] c.g.i.config.MdcLoggingFilter            : System activity: executed GET /actuator/health [User: admin@gmail.com | IP: 0:0:0:0:0:0:0:1]
2026-06-28 11:09:39.161  INFO 26672 --- [http-nio-8080-exec-8] c.g.i.config.MdcLoggingFilter            : System activity: executed GET /api/settings [User: admin@gmail.com | IP: 0:0:0:0:0:0:0:1]
2026-06-28 11:09:39.168  INFO 26672 --- [http-nio-8080-exec-5] c.g.i.config.MdcLoggingFilter            : System activity: executed GET /actuator/health [User: admin@gmail.com | IP: 0:0:0:0:0:0:0:1]
2026-06-28 11:09:39.169  INFO 26672 --- [http-nio-8080-exec-9] c.g.i.config.MdcLoggingFilter            : System activity: executed GET /api/settings [User: admin@gmail.com | IP: 0:0:0:0:0:0:0:1]
2026-06-28 11:09:43.473  INFO 26672 --- [http-nio-8080-exec-3] c.g.i.config.MdcLoggingFilter            : System activity: executed GET /actuator/health [User: admin@gmail.com | IP: 0:0:0:0:0:0:0:1]
2026-06-28 11:09:43.496  INFO 26672 --- [http-nio-8080-exec-6] c.g.i.config.MdcLoggingFilter            : System activity: executed GET /api/settings [User: admin@gmail.com | IP: 0:0:0:0:0:0:0:1]
2026-06-28 11:09:43.499  INFO 26672 --- [http-nio-8080-exec-2] c.g.i.config.MdcLoggingFilter            : System activity: executed GET /actuator/health [User: admin@gmail.com | IP: 0:0:0:0:0:0:0:1]
2026-06-28 11:09:43.505  INFO 26672 --- [http-nio-8080-exec-7] c.g.i.config.MdcLoggingFilter            : System activity: executed GET /api/settings [User: admin@gmail.com | IP: 0:0:0:0:0:0:0:1]
2026-06-28 11:10:13.497  INFO 26672 --- [http-nio-8080-exec-1] c.g.i.config.MdcLoggingFilter            : System activity: executed GET /actuator/health [User: admin@gmail.com | IP: 0:0:0:0:0:0:0:1]
2026-06-28 11:10:14.187  INFO 26672 --- [http-nio-8080-exec-4] c.g.i.config.MdcLoggingFilter            : System activity: executed POST /api/clinical-scenarios/upload [User: admin@gmail.com | IP: 0:0:0:0:0:0:0:1]
2026-06-28 11:10:14.252  INFO 26672 --- [http-nio-8080-exec-4] c.g.i.service.ClinicalScenarioService    : [AUDIT] Action: SCENARIO_CREATED | Target ID: 267 | Target Name: AsthmaAttackResults.csv | Operator: admin@gmail.com | IP: 0:0:0:0:0:0:0:1 [User: admin@gmail.com | IP: 0:0:0:0:0:0:0:1]
2026-06-28 11:10:14.277  INFO 26672 --- [http-nio-8080-exec-10] c.g.i.config.MdcLoggingFilter            : System activity: executed POST /api/simulations/start [User: admin@gmail.com | IP: 0:0:0:0:0:0:0:1]
2026-06-28 11:10:14.383  INFO 26672 --- [http-nio-8080-exec-8] c.g.i.config.MdcLoggingFilter            : System activity: executed GET /api/ws/info [User: admin@gmail.com | IP: 0:0:0:0:0:0:0:1]
2026-06-28 11:10:14.401  INFO 26672 --- [http-nio-8080-exec-9] c.g.i.config.MdcLoggingFilter            : System activity: executed GET /api/ws/821/ej3kmmtm/websocket [User: admin@gmail.com | IP: 0:0:0:0:0:0:0:1]
2026-06-28 11:10:14.451  INFO 26672 --- [http-nio-8080-exec-6] c.g.i.config.MdcLoggingFilter            : System activity: executed POST /api/readings/simulation/2efd053a-daf5-4773-8b33-df04d3c856a9/batch [User: admin@gmail.com | IP: 0:0:0:0:0:0:0:1]
2026-06-28 11:10:14.885  INFO 26672 --- [Telemetry-4] c.g.i.s.PhysiologicalReadingService      : Processing telemetry batch of 313794 readings [User: admin@gmail.com | IP: 0:0:0:0:0:0:0:1]
2026-06-28 11:10:15.056  INFO 26672 --- [Telemetry-4] c.g.i.service.RuleEvaluatorService       : Rule triggered: Hipoxia Crítica (ID: dbfe46b5-5d0c-4f23-b6a2-e6867ea3d9f9) for Simulation: 2efd053a-daf5-4773-8b33-df04d3c856a9 [User: admin@gmail.com | IP: 0:0:0:0:0:0:0:1]
2026-06-28 11:10:15.090  INFO 26672 --- [Telemetry-4] c.g.i.service.RuleEvaluatorService       : Rule triggered: Taquicardia  (ID: 1b3860b7-9078-47a3-b15d-733ef4798d93) for Simulation: 2efd053a-daf5-4773-8b33-df04d3c856a9 [User: admin@gmail.com | IP: 0:0:0:0:0:0:0:1]
2026-06-28 11:10:15.090  INFO 26672 --- [http-nio-8080-exec-2] c.g.i.config.MdcLoggingFilter            : System activity: executed GET /api/alerts/simulation/2efd053a-daf5-4773-8b33-df04d3c856a9 [User: admin@gmail.com | IP: 0:0:0:0:0:0:0:1]
2026-06-28 11:10:15.203  INFO 26672 --- [Telemetry-4] c.g.i.service.RuleEvaluatorService       : Alert resolved for Rule: Taquicardia  (ID: 1b3860b7-9078-47a3-b15d-733ef4798d93) for Simulation: 2efd053a-daf5-4773-8b33-df04d3c856a9 [User: admin@gmail.com | IP: 0:0:0:0:0:0:0:1]
2026-06-28 11:10:43.494  INFO 26672 --- [http-nio-8080-exec-7] c.g.i.config.MdcLoggingFilter            : System activity: executed GET /actuator/health [User: admin@gmail.com | IP: 0:0:0:0:0:0:0:1]
2026-06-28 11:10:58.952  INFO 26672 --- [SpringApplicationShutdownHook] o.s.b.w.e.tomcat.GracefulShutdown        : Commencing graceful shutdown. Waiting for active requests to complete [User: SYSTEM | IP: SYSTEM]
2026-06-28 11:10:58.989  INFO 26672 --- [tomcat-shutdown] o.s.b.w.e.tomcat.GracefulShutdown        : Graceful shutdown complete [User: SYSTEM | IP: SYSTEM]
2026-06-28 11:10:59.012  INFO 26672 --- [SpringApplicationShutdownHook] o.s.m.s.b.SimpleBrokerMessageHandler     : Stopping... [User: SYSTEM | IP: SYSTEM]
2026-06-28 11:10:59.013  INFO 26672 --- [SpringApplicationShutdownHook] o.s.m.s.b.SimpleBrokerMessageHandler     : BrokerAvailabilityEvent[available=false, SimpleBrokerMessageHandler [org.springframework.messaging.simp.broker.DefaultSubscriptionRegistry@61458ff8]] [User: SYSTEM | IP: SYSTEM]
2026-06-28 11:10:59.014  INFO 26672 --- [SpringApplicationShutdownHook] o.s.m.s.b.SimpleBrokerMessageHandler     : Stopped. [User: SYSTEM | IP: SYSTEM]
2026-06-28 11:10:59.044  INFO 26672 --- [SpringApplicationShutdownHook] j.LocalContainerEntityManagerFactoryBean : Closing JPA EntityManagerFactory for persistence unit 'default' [User: SYSTEM | IP: SYSTEM]
2026-06-28 11:10:59.059  INFO 26672 --- [SpringApplicationShutdownHook] com.zaxxer.hikari.HikariDataSource       : HikariPool-1 - Shutdown initiated... [User: SYSTEM | IP: SYSTEM]
2026-06-28 11:10:59.064  INFO 26672 --- [SpringApplicationShutdownHook] com.zaxxer.hikari.HikariDataSource       : HikariPool-1 - Shutdown completed. [User: SYSTEM | IP: SYSTEM]
